<?xml version="1.0" encoding="UTF-8"?>
<!-- Generated by org.testng.reporters.JUnitReportReporter -->
<testsuite skipped="0" hostname="admin-PC" name="com.inetbanking.testCases.TC_AddCustomerTest_003" tests="1" failures="0" timestamp="02 May 2021 14:53:21 GMT" time="19.553" errors="0">
  <testcase name="addNewCustomer" time="19.553" classname="com.inetbanking.testCases.TC_AddCustomerTest_003"/>
</testsuite> <!-- com.inetbanking.testCases.TC_AddCustomerTest_003 -->
